<?xml version="1.0" encoding="UTF-8"?>
<testng-results ignored="0" total="1" passed="1" failed="0" skipped="0">
  <reporter-output>
  </reporter-output>
  <suite started-at="2023-02-10T13:15:39 EST" name="Default suite" finished-at="2023-02-10T13:15:50 EST" duration-ms="10872">
    <groups>
    </groups>
    <test started-at="2023-02-10T13:15:39 EST" name="Default test" finished-at="2023-02-10T13:15:50 EST" duration-ms="10872">
      <class name="testPack.VerifyLoginPage">
        <test-method is-config="true" signature="beforeClass()[pri:0, instance:testPack.VerifyLoginPage@654f0d9c]" started-at="2023-02-10T13:15:39 EST" name="beforeClass" finished-at="2023-02-10T13:15:43 EST" duration-ms="3974" status="PASS">
          <reporter-output>
          </reporter-output>
        </test-method> <!-- beforeClass -->
        <test-method is-config="true" signature="beforeMethod()[pri:0, instance:testPack.VerifyLoginPage@654f0d9c]" started-at="2023-02-10T13:15:43 EST" name="beforeMethod" finished-at="2023-02-10T13:15:46 EST" duration-ms="3063" status="PASS">
          <reporter-output>
          </reporter-output>
        </test-method> <!-- beforeMethod -->
        <test-method signature="verifyloginPage()[pri:0, instance:testPack.VerifyLoginPage@654f0d9c]" started-at="2023-02-10T13:15:46 EST" name="verifyloginPage" finished-at="2023-02-10T13:15:48 EST" duration-ms="1786" status="PASS">
          <reporter-output>
          </reporter-output>
        </test-method> <!-- verifyloginPage -->
        <test-method is-config="true" signature="afterMethod()[pri:0, instance:testPack.VerifyLoginPage@654f0d9c]" started-at="2023-02-10T13:15:48 EST" name="afterMethod" finished-at="2023-02-10T13:15:48 EST" duration-ms="0" status="PASS">
          <reporter-output>
          </reporter-output>
        </test-method> <!-- afterMethod -->
        <test-method is-config="true" signature="afterClass()[pri:0, instance:testPack.VerifyLoginPage@654f0d9c]" started-at="2023-02-10T13:15:48 EST" name="afterClass" finished-at="2023-02-10T13:15:50 EST" duration-ms="2005" status="PASS">
          <reporter-output>
          </reporter-output>
        </test-method> <!-- afterClass -->
      </class> <!-- testPack.VerifyLoginPage -->
    </test> <!-- Default test -->
  </suite> <!-- Default suite -->
</testng-results>
