<?xml version="1.0" encoding="UTF-8"?>
<testng-results ignored="0" total="2" passed="2" failed="0" skipped="0">
  <reporter-output>
  </reporter-output>
  <suite started-at="2023-03-01T13:22:46 EST" name="Default suite" finished-at="2023-03-01T13:22:57 EST" duration-ms="11036">
    <groups>
    </groups>
    <test started-at="2023-03-01T13:22:46 EST" name="Default test" finished-at="2023-03-01T13:22:57 EST" duration-ms="11036">
      <class name="testPack.SoftAssertUse1">
        <test-method is-config="true" signature="beforeClass()[pri:0, instance:testPack.SoftAssertUse1@359f7cdf]" started-at="2023-03-01T13:22:46 EST" name="beforeClass" finished-at="2023-03-01T13:22:48 EST" duration-ms="1166" status="PASS">
          <reporter-output>
          </reporter-output>
        </test-method> <!-- beforeClass -->
        <test-method is-config="true" signature="beforeMethod()[pri:0, instance:testPack.SoftAssertUse1@359f7cdf]" started-at="2023-03-01T13:22:48 EST" name="beforeMethod" finished-at="2023-03-01T13:22:52 EST" duration-ms="4215" status="PASS">
          <reporter-output>
          </reporter-output>
        </test-method> <!-- beforeMethod -->
        <test-method signature="verifyloginPage()[pri:0, instance:testPack.SoftAssertUse1@359f7cdf]" started-at="2023-03-01T13:22:52 EST" name="verifyloginPage" finished-at="2023-03-01T13:22:52 EST" duration-ms="12" status="PASS">
          <reporter-output>
          </reporter-output>
        </test-method> <!-- verifyloginPage -->
        <test-method is-config="true" signature="afterMethod()[pri:0, instance:testPack.SoftAssertUse1@359f7cdf]" started-at="2023-03-01T13:22:52 EST" name="afterMethod" finished-at="2023-03-01T13:22:52 EST" duration-ms="0" status="PASS">
          <reporter-output>
          </reporter-output>
        </test-method> <!-- afterMethod -->
        <test-method is-config="true" signature="beforeMethod()[pri:0, instance:testPack.SoftAssertUse1@359f7cdf]" started-at="2023-03-01T13:22:52 EST" name="beforeMethod" finished-at="2023-03-01T13:22:55 EST" duration-ms="2788" status="PASS">
          <reporter-output>
          </reporter-output>
        </test-method> <!-- beforeMethod -->
        <test-method signature="verifyloginPage1()[pri:0, instance:testPack.SoftAssertUse1@359f7cdf]" started-at="2023-03-01T13:22:55 EST" name="verifyloginPage1" finished-at="2023-03-01T13:22:55 EST" duration-ms="11" status="PASS">
          <reporter-output>
          </reporter-output>
        </test-method> <!-- verifyloginPage1 -->
        <test-method is-config="true" signature="afterMethod()[pri:0, instance:testPack.SoftAssertUse1@359f7cdf]" started-at="2023-03-01T13:22:55 EST" name="afterMethod" finished-at="2023-03-01T13:22:55 EST" duration-ms="1" status="PASS">
          <reporter-output>
          </reporter-output>
        </test-method> <!-- afterMethod -->
        <test-method is-config="true" signature="afterClass()[pri:0, instance:testPack.SoftAssertUse1@359f7cdf]" started-at="2023-03-01T13:22:55 EST" name="afterClass" finished-at="2023-03-01T13:22:57 EST" duration-ms="2801" status="PASS">
          <reporter-output>
          </reporter-output>
        </test-method> <!-- afterClass -->
      </class> <!-- testPack.SoftAssertUse1 -->
    </test> <!-- Default test -->
  </suite> <!-- Default suite -->
</testng-results>
